Using pre-set license
Built from '2021.2/staging' branch; Version is '2021.2.7f1 (6bd9e232123f) revision 7068130'; Using compiler version '192829333'; Build Type 'Release'
OS: 'Windows 10  (10.0.19042) 64bit Professional' Language: 'en' Physical Memory: 16322 MB
BatchMode: 1, IsHumanControllingUs: 0, StartBugReporterOnCrash: 0, Is64bit: 1, IsPro: 0

COMMAND LINE ARGUMENTS:
C:\Program Files\Unity 2021.2.7f1\Editor\Unity.exe
-adb2
-batchMode
-noUpm
-name
AssetImportWorker0
-projectPath
C:/Users/Aurelio/Unity/ProjectBoost
-logFile
Logs/AssetImportWorker0.log
-srvPort
65421
Successfully changed project path to: C:/Users/Aurelio/Unity/ProjectBoost
C:/Users/Aurelio/Unity/ProjectBoost
[UnityMemory] Configuration Parameters - Can be set up in boot.config
    "memorysetup-bucket-allocator-granularity=16"
    "memorysetup-bucket-allocator-bucket-count=8"
    "memorysetup-bucket-allocator-block-size=33554432"
    "memorysetup-bucket-allocator-block-count=8"
    "memorysetup-main-allocator-block-size=16777216"
    "memorysetup-thread-allocator-block-size=16777216"
    "memorysetup-gfx-main-allocator-block-size=16777216"
    "memorysetup-gfx-thread-allocator-block-size=16777216"
    "memorysetup-cache-allocator-block-size=4194304"
    "memorysetup-typetree-allocator-block-size=2097152"
    "memorysetup-profiler-bucket-allocator-granularity=16"
    "memorysetup-profiler-bucket-allocator-bucket-count=8"
    "memorysetup-profiler-bucket-allocator-block-size=33554432"
    "memorysetup-profiler-bucket-allocator-block-count=8"
    "memorysetup-profiler-allocator-block-size=16777216"
    "memorysetup-profiler-editor-allocator-block-size=1048576"
    "memorysetup-temp-allocator-size-main=16777216"
    "memorysetup-job-temp-allocator-block-size=2097152"
    "memorysetup-job-temp-allocator-block-size-background=1048576"
    "memorysetup-job-temp-allocator-reduction-small-platforms=262144"
    "memorysetup-temp-allocator-size-background-worker=32768"
    "memorysetup-temp-allocator-size-job-worker=262144"
    "memorysetup-temp-allocator-size-preload-manager=33554432"
    "memorysetup-temp-allocator-size-nav-mesh-worker=65536"
    "memorysetup-temp-allocator-size-audio-worker=65536"
    "memorysetup-temp-allocator-size-cloud-worker=32768"
    "memorysetup-temp-allocator-size-gi-baking-worker=262144"
    "memorysetup-temp-allocator-size-gfx=262144"
Refreshing native plugins compatible for Editor in 104.35 ms, found 3 plugins.
Preloading 0 native plugins for Editor in 0.00 ms.
Initialize engine version: 2021.2.7f1 (6bd9e232123f)
[Subsystems] Discovering subsystems at path C:/Program Files/Unity 2021.2.7f1/Editor/Data/Resources/UnitySubsystems
[Subsystems] Discovering subsystems at path C:/Users/Aurelio/Unity/ProjectBoost/Assets
GfxDevice: creating device client; threaded=0; jobified=0
Direct3D:
    Version:  Direct3D 11.0 [level 11.1]
    Renderer: NVIDIA GeForce GTX 1080 (ID=0x1b80)
    Vendor:   NVIDIA
    VRAM:     8079 MB
    Driver:   27.21.14.5671
Initialize mono
Mono path[0] = 'C:/Program Files/Unity 2021.2.7f1/Editor/Data/Managed'
Mono path[1] = 'C:/Program Files/Unity 2021.2.7f1/Editor/Data/MonoBleedingEdge/lib/mono/unityjit-win32'
Mono config path = 'C:/Program Files/Unity 2021.2.7f1/Editor/Data/MonoBleedingEdge/etc'
Using monoOptions --debugger-agent=transport=dt_socket,embedding=1,server=y,suspend=n,address=127.0.0.1:56136
Begin MonoManager ReloadAssembly
Registering precompiled unity dll's ...
Register platform support module: C:/Program Files/Unity 2021.2.7f1/Editor/Data/PlaybackEngines/WindowsStandaloneSupport/UnityEditor.WindowsStandalone.Extensions.dll
Registered in 0.009815 seconds.
Native extension for WindowsStandalone target not found
Refreshing native plugins compatible for Editor in 112.38 ms, found 3 plugins.
Preloading 0 native plugins for Editor in 0.00 ms.
Mono: successfully reloaded assembly
- Completed reload, in  0.829 seconds
Domain Reload Profiling:
	ReloadAssembly (829ms)
		BeginReloadAssembly (94ms)
			ExecutionOrderSort (0ms)
			DisableScriptedObjects (0ms)
			BackupInstance (0ms)
			ReleaseScriptingObjects (0ms)
			CreateAndSetChildDomain (1ms)
		EndReloadAssembly (636ms)
			LoadAssemblies (92ms)
			RebuildTransferFunctionScriptingTraits (0ms)
			SetupTypeCache (141ms)
			ReleaseScriptCaches (0ms)
			RebuildScriptCaches (36ms)
			SetupLoadedEditorAssemblies (386ms)
				LogAssemblyErrors (0ms)
				InitializePlatformSupportModulesInManaged (21ms)
				SetLoadedEditorAssemblies (0ms)
				RefreshPlugins (112ms)
				BeforeProcessingInitializeOnLoad (2ms)
				ProcessInitializeOnLoadAttributes (194ms)
				ProcessInitializeOnLoadMethodAttributes (56ms)
				AfterProcessingInitializeOnLoad (0ms)
				EditorAssembliesLoaded (0ms)
			ExecutionOrderSort2 (0ms)
			AwakeInstancesAfterBackupRestoration (0ms)
Platform modules already initialized, skipping
Registering precompiled user dll's ...
Registered in 0.009591 seconds.
Begin MonoManager ReloadAssembly
Symbol file LoadedFromMemory doesn't match image C:\Users\Aurelio\Unity\ProjectBoost\Library\PackageCache\com.unity.visualscripting@1.7.6\Editor\VisualScripting.Core\Dependencies\YamlDotNet\Unity.VisualScripting.YamlDotNet.dll
Symbol file LoadedFromMemory doesn't match image C:\Users\Aurelio\Unity\ProjectBoost\Library\PackageCache\com.unity.visualscripting@1.7.6\Editor\VisualScripting.Core\Dependencies\DotNetZip\Unity.VisualScripting.IonicZip.dll
Native extension for WindowsStandalone target not found
Refreshing native plugins compatible for Editor in 0.56 ms, found 3 plugins.
Preloading 0 native plugins for Editor in 0.00 ms.
Mono: successfully reloaded assembly
- Completed reload, in  1.244 seconds
Domain Reload Profiling:
	ReloadAssembly (1245ms)
		BeginReloadAssembly (142ms)
			ExecutionOrderSort (0ms)
			DisableScriptedObjects (9ms)
			BackupInstance (0ms)
			ReleaseScriptingObjects (0ms)
			CreateAndSetChildDomain (25ms)
		EndReloadAssembly (977ms)
			LoadAssemblies (99ms)
			RebuildTransferFunctionScriptingTraits (0ms)
			SetupTypeCache (311ms)
			ReleaseScriptCaches (1ms)
			RebuildScriptCaches (61ms)
			SetupLoadedEditorAssemblies (461ms)
				LogAssemblyErrors (0ms)
				InitializePlatformSupportModulesInManaged (15ms)
				SetLoadedEditorAssemblies (1ms)
				RefreshPlugins (1ms)
				BeforeProcessingInitializeOnLoad (107ms)
				ProcessInitializeOnLoadAttributes (296ms)
				ProcessInitializeOnLoadMethodAttributes (33ms)
				AfterProcessingInitializeOnLoad (9ms)
				EditorAssembliesLoaded (0ms)
			ExecutionOrderSort2 (0ms)
			AwakeInstancesAfterBackupRestoration (7ms)
Platform modules already initialized, skipping
========================================================================
Worker process is ready to serve import requests
Launched and connected shader compiler UnityShaderCompiler.exe after 0.12 seconds
Refreshing native plugins compatible for Editor in 0.96 ms, found 3 plugins.
Preloading 0 native plugins for Editor in 0.00 ms.
Unloading 3213 Unused Serialized files (Serialized files now loaded: 0)
Unloading 26 unused Assets / (112.5 KB). Loaded Objects now: 3669.
Memory consumption went from 111.9 MB to 111.8 MB.
Total: 3.467200 ms (FindLiveObjects: 0.316200 ms CreateObjectMapping: 0.216900 ms MarkObjects: 2.791700 ms  DeleteObjects: 0.141300 ms)

AssetImportParameters requested are different than current active one (requested -> active):
  custom:video-decoder-ogg-theora: a1e56fd34408186e4bbccfd4996cb3dc -> 
  custom:container-muxer-webm: aa71ff27fc2769a1b78a27578f13a17b -> 
  custom:container-demuxer-webm: 4f35f7cbe854078d1ac9338744f61a02 -> 
  custom:video-encoder-webm-vp8: eb34c28f22e8b96e1ab97ce403110664 -> 
  custom:audio-encoder-webm-vorbis: bf7c407c2cedff20999df2af8eb42d56 -> 
  custom:framework-win-MediaFoundation: 216162199b28c13a410421893ffa2e32 -> 
  custom:container-demuxer-ogg: 62fdf1f143b41e24485cea50d1cbac27 -> 
  custom:video-decoder-webm-vp8: 9c59270c3fd7afecdb556c50c9e8de78 -> 
  custom:audio-decoder-ogg-vorbis: bf7c407c2cedff20999df2af8eb42d56 -> 
========================================================================
Received Import Request.
  Time since last request: 1597018.930722 seconds.
  path: Assets/Ground.mat
  artifactKey: Guid(b5bfc22e98373a54dbc3f1256f8b75ee) Importer(815301076,1909f56bfc062723c751e8b465ee728b)
Start importing Assets/Ground.mat using Guid(b5bfc22e98373a54dbc3f1256f8b75ee) Importer(815301076,1909f56bfc062723c751e8b465ee728b)  -> (artifact id: '5d2a3218633c1f75199b15a1564f9433') in 0.292379 seconds 
========================================================================
Received Import Request.
  Time since last request: 181.943861 seconds.
  path: Assets/Launch Pad.mat
  artifactKey: Guid(9bb3e15d13b1fdf47a6729eb86337b57) Importer(815301076,1909f56bfc062723c751e8b465ee728b)
Start importing Assets/Launch Pad.mat using Guid(9bb3e15d13b1fdf47a6729eb86337b57) Importer(815301076,1909f56bfc062723c751e8b465ee728b)  -> (artifact id: '6f227bcd15fee3d0f3f064e445e8abcd') in 0.016930 seconds 
========================================================================
Received Import Request.
  Time since last request: 50.301800 seconds.
  path: Assets/Ground.prefab
  artifactKey: Guid(99b310397a6e3c7459caa70497aeab1e) Importer(815301076,1909f56bfc062723c751e8b465ee728b)
Start importing Assets/Ground.prefab using Guid(99b310397a6e3c7459caa70497aeab1e) Importer(815301076,1909f56bfc062723c751e8b465ee728b)  -> (artifact id: 'a30e116d546b1080554d58444040d0b0') in 0.038189 seconds 
========================================================================
Received Import Request.
  Time since last request: 6.447647 seconds.
  path: Assets/Launch Pad.prefab
  artifactKey: Guid(92605fa4969dbd24984e3e7e62569a0d) Importer(815301076,1909f56bfc062723c751e8b465ee728b)
Start importing Assets/Launch Pad.prefab using Guid(92605fa4969dbd24984e3e7e62569a0d) Importer(815301076,1909f56bfc062723c751e8b465ee728b)  -> (artifact id: 'e86a3f7c31b76c3b13b0db86bd34426a') in 0.014275 seconds 
========================================================================
Received Import Request.
  Time since last request: 75.462850 seconds.
  path: Assets/Ground.mat
  artifactKey: Guid(b5bfc22e98373a54dbc3f1256f8b75ee) Importer(815301076,1909f56bfc062723c751e8b465ee728b)
Start importing Assets/Ground.mat using Guid(b5bfc22e98373a54dbc3f1256f8b75ee) Importer(815301076,1909f56bfc062723c751e8b465ee728b)  -> (artifact id: '9c1943413367f489ad6a86af51cca84c') in 0.013632 seconds 
========================================================================
Received Import Request.
  Time since last request: 0.000043 seconds.
  path: Assets/Launch Pad.mat
  artifactKey: Guid(9bb3e15d13b1fdf47a6729eb86337b57) Importer(815301076,1909f56bfc062723c751e8b465ee728b)
Start importing Assets/Launch Pad.mat using Guid(9bb3e15d13b1fdf47a6729eb86337b57) Importer(815301076,1909f56bfc062723c751e8b465ee728b)  -> (artifact id: '858dad63c05475b18aa583e116804956') in 0.021436 seconds 
========================================================================
Received Import Request.
  Time since last request: 0.000023 seconds.
  path: Assets/Launch Pad 1.mat
  artifactKey: Guid(1599d3fb6979ab24e83897178e4ebf93) Importer(815301076,1909f56bfc062723c751e8b465ee728b)
Start importing Assets/Launch Pad 1.mat using Guid(1599d3fb6979ab24e83897178e4ebf93) Importer(815301076,1909f56bfc062723c751e8b465ee728b)  -> (artifact id: '31111f2efdc4fac94961015acd471e19') in 0.016484 seconds 
========================================================================
Received Import Request.
  Time since last request: 0.000018 seconds.
  path: Assets/Launch Pad.prefab
  artifactKey: Guid(92605fa4969dbd24984e3e7e62569a0d) Importer(815301076,1909f56bfc062723c751e8b465ee728b)
Start importing Assets/Launch Pad.prefab using Guid(92605fa4969dbd24984e3e7e62569a0d) Importer(815301076,1909f56bfc062723c751e8b465ee728b)  -> (artifact id: '12bc13c45836dbe1feb3c0e5c476d9fe') in 0.013439 seconds 
========================================================================
Received Import Request.
  Time since last request: 16.942627 seconds.
  path: Assets/Landing Pad.mat
  artifactKey: Guid(1599d3fb6979ab24e83897178e4ebf93) Importer(815301076,1909f56bfc062723c751e8b465ee728b)
Start importing Assets/Landing Pad.mat using Guid(1599d3fb6979ab24e83897178e4ebf93) Importer(815301076,1909f56bfc062723c751e8b465ee728b)  -> (artifact id: '2b4f0641bb4ce7868dd41b344e64fb65') in 0.014533 seconds 
========================================================================
Received Import Request.
  Time since last request: 186.312136 seconds.
  path: Assets/Rocket.prefab
  artifactKey: Guid(5d8ab52ae3b91464cbb1747ae8b133f0) Importer(815301076,1909f56bfc062723c751e8b465ee728b)
Start importing Assets/Rocket.prefab using Guid(5d8ab52ae3b91464cbb1747ae8b133f0) Importer(815301076,1909f56bfc062723c751e8b465ee728b)  -> (artifact id: 'd4f34ad0112e3e3d37a739a5222f1462') in 0.014132 seconds 
========================================================================
Received Import Request.
  Time since last request: 13.915501 seconds.
  path: Assets/Landing Pad.mat
  artifactKey: Guid(1599d3fb6979ab24e83897178e4ebf93) Importer(815301076,1909f56bfc062723c751e8b465ee728b)
Start importing Assets/Landing Pad.mat using Guid(1599d3fb6979ab24e83897178e4ebf93) Importer(815301076,1909f56bfc062723c751e8b465ee728b)  -> (artifact id: 'c388a042696db3f69876ab567cf327ce') in 0.021749 seconds 
========================================================================
Received Import Request.
  Time since last request: 4.803787 seconds.
  path: Assets/Rocket.mat
  artifactKey: Guid(73f487a9279c2384d88b183d28bee6de) Importer(815301076,1909f56bfc062723c751e8b465ee728b)
Start importing Assets/Rocket.mat using Guid(73f487a9279c2384d88b183d28bee6de) Importer(815301076,1909f56bfc062723c751e8b465ee728b)  -> (artifact id: '7eadf4935d0b315ae4032c3f571b447b') in 0.013696 seconds 
========================================================================
Received Import Request.
  Time since last request: 2.633891 seconds.
  path: Assets/Rocket.prefab
  artifactKey: Guid(5d8ab52ae3b91464cbb1747ae8b133f0) Importer(815301076,1909f56bfc062723c751e8b465ee728b)
Start importing Assets/Rocket.prefab using Guid(5d8ab52ae3b91464cbb1747ae8b133f0) Importer(815301076,1909f56bfc062723c751e8b465ee728b)  -> (artifact id: 'de986b6bbc052e49c7d5d0a3466ce9ae') in 0.018959 seconds 
========================================================================
Received Import Request.
  Time since last request: 35.550515 seconds.
  path: Assets/Rocket.mat
  artifactKey: Guid(73f487a9279c2384d88b183d28bee6de) Importer(815301076,1909f56bfc062723c751e8b465ee728b)
Start importing Assets/Rocket.mat using Guid(73f487a9279c2384d88b183d28bee6de) Importer(815301076,1909f56bfc062723c751e8b465ee728b)  -> (artifact id: '5cf4059ede54fdf4ae58c145b656181e') in 0.016229 seconds 
========================================================================
Received Import Request.
  Time since last request: 19.564686 seconds.
  path: Assets/Scenes/SampleScene.unity
  artifactKey: Guid(9fc0d4010bbf28b4594072e72b8655ab) Importer(815301076,1909f56bfc062723c751e8b465ee728b)
Start importing Assets/Scenes/SampleScene.unity using Guid(9fc0d4010bbf28b4594072e72b8655ab) Importer(815301076,1909f56bfc062723c751e8b465ee728b)  -> (artifact id: 'f683598cdfac2f06af42dd9f9facf25d') in 0.009136 seconds 
========================================================================
Received Import Request.
  Time since last request: 10.403779 seconds.
  path: Assets/Scenes/Sandbox.unity
  artifactKey: Guid(9fc0d4010bbf28b4594072e72b8655ab) Importer(815301076,1909f56bfc062723c751e8b465ee728b)
Start importing Assets/Scenes/Sandbox.unity using Guid(9fc0d4010bbf28b4594072e72b8655ab) Importer(815301076,1909f56bfc062723c751e8b465ee728b)  -> (artifact id: 'c3e8d88cad4957dc72a5ea46003bb784') in 0.007266 seconds 
========================================================================
Received Import Request.
  Time since last request: 75.278776 seconds.
  path: Assets/Movement.cs
  artifactKey: Guid(2c24c2447f0eb744198fc8e068ce83bb) Importer(815301076,1909f56bfc062723c751e8b465ee728b)
Start importing Assets/Movement.cs using Guid(2c24c2447f0eb744198fc8e068ce83bb) Importer(815301076,1909f56bfc062723c751e8b465ee728b)  -> (artifact id: '3c50ea0e375dfef19571cb63c9d96a2c') in 0.021629 seconds 
========================================================================
Received Prepare
Registering precompiled user dll's ...
Registered in 0.009140 seconds.
Begin MonoManager ReloadAssembly
Symbol file LoadedFromMemory doesn't match image C:\Users\Aurelio\Unity\ProjectBoost\Library\PackageCache\com.unity.visualscripting@1.7.6\Editor\VisualScripting.Core\Dependencies\YamlDotNet\Unity.VisualScripting.YamlDotNet.dll
Symbol file LoadedFromMemory doesn't match image C:\Users\Aurelio\Unity\ProjectBoost\Library\PackageCache\com.unity.visualscripting@1.7.6\Editor\VisualScripting.Core\Dependencies\DotNetZip\Unity.VisualScripting.IonicZip.dll
Native extension for WindowsStandalone target not found
Refreshing native plugins compatible for Editor in 0.57 ms, found 3 plugins.
Preloading 0 native plugins for Editor in 0.00 ms.
Mono: successfully reloaded assembly
- Completed reload, in  1.177 seconds
Domain Reload Profiling:
	ReloadAssembly (1178ms)
		BeginReloadAssembly (170ms)
			ExecutionOrderSort (0ms)
			DisableScriptedObjects (5ms)
			BackupInstance (0ms)
			ReleaseScriptingObjects (0ms)
			CreateAndSetChildDomain (48ms)
		EndReloadAssembly (889ms)
			LoadAssemblies (104ms)
			RebuildTransferFunctionScriptingTraits (0ms)
			SetupTypeCache (324ms)
			ReleaseScriptCaches (1ms)
			RebuildScriptCaches (53ms)
			SetupLoadedEditorAssemblies (361ms)
				LogAssemblyErrors (0ms)
				InitializePlatformSupportModulesInManaged (13ms)
				SetLoadedEditorAssemblies (1ms)
				RefreshPlugins (1ms)
				BeforeProcessingInitializeOnLoad (77ms)
				ProcessInitializeOnLoadAttributes (233ms)
				ProcessInitializeOnLoadMethodAttributes (29ms)
				AfterProcessingInitializeOnLoad (8ms)
				EditorAssembliesLoaded (0ms)
			ExecutionOrderSort2 (0ms)
			AwakeInstancesAfterBackupRestoration (10ms)
Platform modules already initialized, skipping
Refreshing native plugins compatible for Editor in 0.80 ms, found 3 plugins.
Preloading 0 native plugins for Editor in 0.00 ms.
Unloading 3209 Unused Serialized files (Serialized files now loaded: 0)
Unloading 21 unused Assets / (79.3 KB). Loaded Objects now: 3713.
Memory consumption went from 116.5 MB to 116.4 MB.
Total: 5.963800 ms (FindLiveObjects: 0.274600 ms CreateObjectMapping: 0.240400 ms MarkObjects: 5.327800 ms  DeleteObjects: 0.119700 ms)

AssetImportParameters requested are different than current active one (requested -> active):
  custom:video-decoder-ogg-theora: a1e56fd34408186e4bbccfd4996cb3dc -> 
  custom:container-muxer-webm: aa71ff27fc2769a1b78a27578f13a17b -> 
  custom:container-demuxer-webm: 4f35f7cbe854078d1ac9338744f61a02 -> 
  custom:video-encoder-webm-vp8: eb34c28f22e8b96e1ab97ce403110664 -> 
  custom:audio-encoder-webm-vorbis: bf7c407c2cedff20999df2af8eb42d56 -> 
  custom:framework-win-MediaFoundation: 216162199b28c13a410421893ffa2e32 -> 
  custom:container-demuxer-ogg: 62fdf1f143b41e24485cea50d1cbac27 -> 
  custom:video-decoder-webm-vp8: 9c59270c3fd7afecdb556c50c9e8de78 -> 
  custom:audio-decoder-ogg-vorbis: bf7c407c2cedff20999df2af8eb42d56 -> 
========================================================================
Received Import Request.
  Time since last request: 1221.469818 seconds.
  path: Assets/Materials
  artifactKey: Guid(d93b6b36282a17e4b95a1c1f8fe28002) Importer(815301076,1909f56bfc062723c751e8b465ee728b)
Start importing Assets/Materials using Guid(d93b6b36282a17e4b95a1c1f8fe28002) Importer(815301076,1909f56bfc062723c751e8b465ee728b)  -> (artifact id: 'b9039b280c427f7eacfb8b3cd4fd69d5') in 0.013791 seconds 
========================================================================
Received Import Request.
  Time since last request: 8.283369 seconds.
  path: Assets/Prefabs
  artifactKey: Guid(510627ffb45363b4b9774191bc5eef75) Importer(815301076,1909f56bfc062723c751e8b465ee728b)
Start importing Assets/Prefabs using Guid(510627ffb45363b4b9774191bc5eef75) Importer(815301076,1909f56bfc062723c751e8b465ee728b)  -> (artifact id: 'f0d3e40989fdb34fadbce28068f102b2') in 0.007153 seconds 
========================================================================
Received Import Request.
  Time since last request: 5.258896 seconds.
  path: Assets/Scripts
  artifactKey: Guid(b3814a9665703534297695a72f24b547) Importer(815301076,1909f56bfc062723c751e8b465ee728b)
Start importing Assets/Scripts using Guid(b3814a9665703534297695a72f24b547) Importer(815301076,1909f56bfc062723c751e8b465ee728b)  -> (artifact id: 'a3a23a1af17e8bc298cee989bbf525c2') in 0.006914 seconds 
========================================================================
Received Prepare
Registering precompiled user dll's ...
Registered in 0.008216 seconds.
Begin MonoManager ReloadAssembly
Symbol file LoadedFromMemory doesn't match image C:\Users\Aurelio\Unity\ProjectBoost\Library\PackageCache\com.unity.visualscripting@1.7.6\Editor\VisualScripting.Core\Dependencies\YamlDotNet\Unity.VisualScripting.YamlDotNet.dll
Symbol file LoadedFromMemory doesn't match image C:\Users\Aurelio\Unity\ProjectBoost\Library\PackageCache\com.unity.visualscripting@1.7.6\Editor\VisualScripting.Core\Dependencies\DotNetZip\Unity.VisualScripting.IonicZip.dll
Native extension for WindowsStandalone target not found
Refreshing native plugins compatible for Editor in 0.58 ms, found 3 plugins.
Preloading 0 native plugins for Editor in 0.00 ms.
Mono: successfully reloaded assembly
- Completed reload, in  1.177 seconds
Domain Reload Profiling:
	ReloadAssembly (1178ms)
		BeginReloadAssembly (168ms)
			ExecutionOrderSort (0ms)
			DisableScriptedObjects (6ms)
			BackupInstance (0ms)
			ReleaseScriptingObjects (0ms)
			CreateAndSetChildDomain (40ms)
		EndReloadAssembly (865ms)
			LoadAssemblies (110ms)
			RebuildTransferFunctionScriptingTraits (0ms)
			SetupTypeCache (313ms)
			ReleaseScriptCaches (1ms)
			RebuildScriptCaches (43ms)
			SetupLoadedEditorAssemblies (362ms)
				LogAssemblyErrors (0ms)
				InitializePlatformSupportModulesInManaged (16ms)
				SetLoadedEditorAssemblies (1ms)
				RefreshPlugins (1ms)
				BeforeProcessingInitializeOnLoad (72ms)
				ProcessInitializeOnLoadAttributes (228ms)
				ProcessInitializeOnLoadMethodAttributes (34ms)
				AfterProcessingInitializeOnLoad (10ms)
				EditorAssembliesLoaded (0ms)
			ExecutionOrderSort2 (0ms)
			AwakeInstancesAfterBackupRestoration (8ms)
Platform modules already initialized, skipping
Refreshing native plugins compatible for Editor in 0.64 ms, found 3 plugins.
Preloading 0 native plugins for Editor in 0.00 ms.
Unloading 3209 Unused Serialized files (Serialized files now loaded: 0)
Unloading 21 unused Assets / (79.2 KB). Loaded Objects now: 3715.
Memory consumption went from 116.5 MB to 116.4 MB.
Total: 3.320400 ms (FindLiveObjects: 0.441500 ms CreateObjectMapping: 0.291600 ms MarkObjects: 2.504300 ms  DeleteObjects: 0.082200 ms)

AssetImportParameters requested are different than current active one (requested -> active):
  custom:video-decoder-ogg-theora: a1e56fd34408186e4bbccfd4996cb3dc -> 
  custom:container-muxer-webm: aa71ff27fc2769a1b78a27578f13a17b -> 
  custom:container-demuxer-webm: 4f35f7cbe854078d1ac9338744f61a02 -> 
  custom:video-encoder-webm-vp8: eb34c28f22e8b96e1ab97ce403110664 -> 
  custom:audio-encoder-webm-vorbis: bf7c407c2cedff20999df2af8eb42d56 -> 
  custom:framework-win-MediaFoundation: 216162199b28c13a410421893ffa2e32 -> 
  custom:container-demuxer-ogg: 62fdf1f143b41e24485cea50d1cbac27 -> 
  custom:video-decoder-webm-vp8: 9c59270c3fd7afecdb556c50c9e8de78 -> 
  custom:audio-decoder-ogg-vorbis: bf7c407c2cedff20999df2af8eb42d56 -> 
